SF:lib/app/core/http_service/http_service.dart
DA:13,0
DA:15,0
DA:18,0
DA:20,0
DA:23,0
DA:24,0
DA:25,0
LF:7
LH:0
end_of_record
SF:lib/app/core/pages/splash_page.dart
DA:7,1
DA:9,0
DA:10,0
DA:14,0
DA:16,0
DA:18,0
DA:19,0
DA:25,0
DA:27,0
DA:28,0
DA:29,0
DA:30,0
DA:32,0
DA:33,0
DA:34,0
DA:36,0
DA:38,0
DA:40,0
DA:42,0
DA:45,0
DA:47,0
DA:49,0
DA:55,0
DA:57,0
DA:59,0
DA:60,0
DA:62,0
DA:64,0
DA:66,0
DA:71,0
DA:73,0
LF:31
LH:1
end_of_record
SF:lib/app/core/screen_inteligency/screen_inteligency.dart
DA:4,0
DA:5,0
DA:8,0
DA:10,0
DA:13,0
DA:14,0
DA:17,0
DA:19,0
DA:22,0
DA:23,0
DA:24,0
DA:26,0
DA:27,0
DA:28,0
DA:31,0
DA:32,0
DA:34,0
DA:35,0
DA:36,0
DA:37,0
DA:48,0
DA:53,0
DA:55,0
DA:56,0
DA:58,0
DA:59,0
DA:60,0
DA:62,0
DA:63,0
DA:65,0
DA:67,0
DA:69,0
DA:70,0
DA:71,0
DA:72,0
DA:74,0
LF:36
LH:0
end_of_record
SF:lib/app/app_widget.dart
DA:5,1
DA:6,0
DA:10,0
DA:12,0
DA:15,0
DA:16,0
LF:6
LH:1
end_of_record
SF:lib/app/utils/dummy_data.dart
DA:1,0
DA:5,0
DA:6,0
DA:11,0
DA:16,0
LF:5
LH:0
end_of_record
SF:lib/app/modules/forecast/infra/repository/forecast_repository_impl.dart
DA:10,0
DA:11,0
DA:16,0
DA:17,0
DA:19,0
DA:20,0
LF:6
LH:0
end_of_record
SF:lib/app/modules/forecast/infra/mappers/mappers.dart
DA:4,0
DA:9,0
DA:15,0
DA:16,0
DA:17,0
DA:18,0
DA:19,0
DA:20,0
DA:21,0
DA:22,0
DA:23,0
DA:29,0
DA:33,0
DA:39,0
DA:40,0
DA:41,0
DA:42,0
DA:43,0
LF:18
LH:0
end_of_record
SF:lib/app/modules/forecast/presenter/states/actual_forecast_states.dart
DA:4,0
DA:13,0
DA:20,0
LF:3
LH:0
end_of_record
SF:lib/app/modules/forecast/presenter/events/actual_forecast_events.dart
DA:6,0
LF:1
LH:0
end_of_record
SF:lib/app/modules/forecast/presenter/pages/web_page/widgets/actual_forecast_search_web_widget.dart
DA:9,0
DA:13,0
DA:15,0
DA:17,0
DA:18,0
DA:19,0
DA:21,0
DA:23,0
DA:24,0
DA:25,0
DA:26,0
DA:27,0
DA:29,0
DA:30,0
DA:32,0
DA:33,0
LF:16
LH:0
end_of_record
SF:lib/app/modules/forecast/presenter/pages/web_page/widgets/actual_forecast_sucess_web_widget.dart
DA:12,0
DA:17,0
DA:19,0
DA:21,0
DA:23,0
DA:25,0
DA:26,0
DA:28,0
DA:29,0
DA:31,0
DA:32,0
DA:33,0
DA:34,0
DA:35,0
DA:39,0
DA:42,0
DA:46,0
DA:49,0
DA:51,0
DA:52,0
DA:53,0
DA:54,0
DA:56,0
DA:57,0
DA:58,0
DA:64,0
DA:66,0
DA:67,0
DA:69,0
DA:73,0
DA:74,0
DA:76,0
DA:77,0
DA:78,0
DA:82,0
DA:84,0
DA:85,0
DA:86,0
DA:87,0
DA:89,0
DA:91,0
DA:92,0
DA:93,0
DA:94,0
DA:96,0
DA:97,0
DA:98,0
DA:106,0
DA:107,0
LF:49
LH:0
end_of_record
SF:lib/app/modules/forecast/presenter/pages/web_page/widgets/actual_forecast_loading_web_widget.dart
DA:4,1
DA:6,0
LF:2
LH:1
end_of_record
SF:lib/app/modules/forecast/presenter/pages/web_page/widgets/actual_forecast_error_web_widget.dart
DA:7,0
DA:10,0
DA:12,0
DA:14,0
DA:15,0
DA:16,0
DA:18,0
DA:19,0
DA:21,0
DA:23,0
DA:24,0
DA:26,0
DA:28,0
LF:13
LH:0
end_of_record
SF:lib/app/modules/forecast/presenter/pages/web_page/actual_forecast_search_web_page.dart
DA:14,0
DA:17,0
DA:19,0
DA:21,0
DA:28,0
DA:30,0
DA:31,0
DA:32,0
DA:33,0
DA:34,0
DA:37,0
DA:38,0
DA:39,0
DA:40,0
DA:42,0
DA:43,0
DA:44,0
DA:53,0
DA:54,0
DA:55,0
DA:61,0
DA:62,0
DA:63,0
DA:64,0
DA:65,0
DA:68,0
DA:69,0
DA:73,0
DA:74,0
DA:75,0
DA:76,0
DA:80,0
LF:32
LH:0
end_of_record
SF:lib/app/modules/forecast/presenter/pages/mobile_page/actual_forecast_search_mobile_page.dart
DA:15,0
DA:18,0
DA:20,0
DA:22,0
DA:29,0
DA:31,0
DA:32,0
DA:33,0
DA:34,0
DA:35,0
DA:38,0
DA:39,0
DA:40,0
DA:41,0
DA:43,0
DA:44,0
DA:45,0
DA:54,0
DA:55,0
DA:56,0
DA:62,0
DA:63,0
DA:64,0
DA:65,0
DA:66,0
DA:69,0
DA:70,0
DA:74,0
DA:75,0
DA:76,0
DA:77,0
DA:81,0
LF:32
LH:0
end_of_record
SF:lib/app/modules/forecast/presenter/pages/mobile_page/widgets/actual_forecast_search_widget.dart
DA:9,0
DA:13,0
DA:15,0
DA:17,0
DA:19,0
DA:20,0
DA:24,0
DA:26,0
DA:27,0
DA:28,0
DA:29,0
DA:30,0
DA:32,0
DA:33,0
DA:35,0
DA:36,0
LF:16
LH:0
end_of_record
SF:lib/app/modules/forecast/presenter/pages/mobile_page/widgets/actual_forecast_loading_widget.dart
DA:4,1
DA:6,0
LF:2
LH:1
end_of_record
SF:lib/app/modules/forecast/presenter/pages/mobile_page/widgets/actual_forecast_error_widget.dart
DA:7,0
DA:10,0
DA:12,0
DA:14,0
DA:15,0
DA:16,0
DA:18,0
DA:19,0
DA:21,0
DA:23,0
DA:24,0
DA:26,0
DA:28,0
LF:13
LH:0
end_of_record
SF:lib/app/modules/forecast/presenter/pages/mobile_page/widgets/actual_forecast_sucess_widget.dart
DA:12,0
DA:17,0
DA:19,0
DA:21,0
DA:23,0
DA:25,0
DA:26,0
DA:27,0
DA:28,0
DA:29,0
DA:31,0
DA:32,0
DA:33,0
DA:35,0
DA:36,0
DA:37,0
DA:39,0
DA:41,0
DA:45,0
DA:46,0
DA:48,0
DA:49,0
DA:50,0
DA:54,0
DA:56,0
DA:57,0
DA:58,0
DA:59,0
DA:61,0
DA:63,0
DA:64,0
DA:65,0
DA:67,0
DA:68,0
DA:69,0
DA:80,0
DA:81,0
LF:37
LH:0
end_of_record
SF:lib/app/modules/forecast/presenter/pages/actual_forecast_page.dart
DA:9,0
DA:12,0
DA:14,0
DA:16,0
DA:17,0
DA:18,0
DA:20,0
DA:21,0
LF:8
LH:0
end_of_record
SF:lib/app/modules/forecast/presenter/bloc/actual_forecast_bloc.dart
DA:8,0
DA:10,0
DA:11,0
DA:12,0
DA:17,0
DA:21,0
DA:24,0
DA:28,0
DA:30,0
DA:31,0
DA:33,0
DA:35,0
LF:12
LH:0
end_of_record
SF:lib/app/modules/forecast/external/forecast_datasource_impl.dart
DA:9,0
DA:10,0
DA:15,0
DA:16,0
DA:18,0
DA:19,0
LF:6
LH:0
end_of_record
SF:lib/app/modules/forecast/domain/entity/entity_model.dart
DA:7,0
DA:14,0
DA:16,0
DA:25,0
DA:31,0
DA:33,0
LF:6
LH:0
end_of_record
SF:lib/app/modules/forecast/domain/errors/errors.dart
DA:8,0
DA:11,0
DA:13,0
DA:20,0
DA:23,0
DA:25,0
DA:32,0
DA:35,0
DA:37,0
DA:44,0
DA:47,0
DA:49,0
LF:12
LH:0
end_of_record
SF:lib/app/modules/forecast/domain/usecases/get_forecast.dart
DA:13,0
DA:14,0
DA:18,0
LF:3
LH:0
end_of_record
SF:lib/main.dart
DA:6,0
DA:7,0
DA:8,0
DA:9,0
LF:4
LH:0
end_of_record
